watch-app/app/build/intermediates/manifest_merge_blame_file/debug/manifest-merger-blame-debug-report.txt
1<?xml version="1.0" encoding="utf-8"?>
2<manifest xmlns:android="http://schemas.android.com/apk/res/android"
3    package="com.example.watchsleepmonitor"
4    android:versionCode="1"
5    android:versionName="1.0" >
6
7    <uses-sdk
8        android:minSdkVersion="33"
9        android:targetSdkVersion="34" />
10
11    <!-- Health permissions -->
12    <uses-permission android:name="android.permission.ACTIVITY_RECOGNITION" />
12-->src\main\AndroidManifest.xml:6:5-79
12-->src\main\AndroidManifest.xml:6:22-76
13    <uses-permission android:name="android.permission.BODY_SENSORS" />
13-->src\main\AndroidManifest.xml:7:5-71
13-->src\main\AndroidManifest.xml:7:22-68
14    <uses-permission android:name="android.permission.BODY_SENSORS_BACKGROUND" />
14-->src\main\AndroidManifest.xml:8:5-82
14-->src\main\AndroidManifest.xml:8:22-79
15
16    <!-- Bluetooth permissions -->
17    <uses-permission android:name="android.permission.BLUETOOTH" />
17-->src\main\AndroidManifest.xml:11:5-68
17-->src\main\AndroidManifest.xml:11:22-65
18    <uses-permission android:name="android.permission.BLUETOOTH_ADMIN" />
18-->src\main\AndroidManifest.xml:12:5-74
18-->src\main\AndroidManifest.xml:12:22-71
19    <uses-permission android:name="android.permission.BLUETOOTH_CONNECT" />
19-->src\main\AndroidManifest.xml:13:5-76
19-->src\main\AndroidManifest.xml:13:22-73
20    <uses-permission android:name="android.permission.BLUETOOTH_SCAN" />
20-->src\main\AndroidManifest.xml:14:5-73
20-->src\main\AndroidManifest.xml:14:22-70
21
22    <!-- Location permissions for Bluetooth -->
23    <uses-permission android:name="android.permission.ACCESS_FINE_LOCATION" />
23-->src\main\AndroidManifest.xml:17:5-79
23-->src\main\AndroidManifest.xml:17:22-76
24    <uses-permission android:name="android.permission.ACCESS_COARSE_LOCATION" />
24-->src\main\AndroidManifest.xml:18:5-81
24-->src\main\AndroidManifest.xml:18:22-78
25
26    <uses-feature
26-->src\main\AndroidManifest.xml:20:5-22:35
27        android:name="android.hardware.bluetooth"
27-->src\main\AndroidManifest.xml:21:9-50
28        android:required="true" />
28-->src\main\AndroidManifest.xml:22:9-32
29    <uses-feature
29-->src\main\AndroidManifest.xml:24:5-26:35
30        android:name="android.hardware.type.watch"
30-->src\main\AndroidManifest.xml:25:9-51
31        android:required="true" />
31-->src\main\AndroidManifest.xml:26:9-32
32
33    <queries>
33-->[androidx.health:health-services-client:1.0.0-beta03] AndroidManifest.xml:19:5-21:15
34        <package android:name="com.google.android.wearable.healthservices" />
34-->[androidx.health:health-services-client:1.0.0-beta03] AndroidManifest.xml:20:9-78
34-->[androidx.health:health-services-client:1.0.0-beta03] AndroidManifest.xml:20:18-75
35    </queries>
36
37    <permission
37-->[androidx.core:core:1.12.0] AndroidManifest.xml:22:5-24:47
38        android:name="com.example.watchsleepmonitor.DYNAMIC_RECEIVER_NOT_EXPORTED_PERMISSION"
38-->[androidx.core:core:1.12.0] AndroidManifest.xml:23:9-81
39        android:protectionLevel="signature" />
39-->[androidx.core:core:1.12.0] AndroidManifest.xml:24:9-44
40
41    <uses-permission android:name="com.example.watchsleepmonitor.DYNAMIC_RECEIVER_NOT_EXPORTED_PERMISSION" />
41-->[androidx.core:core:1.12.0] AndroidManifest.xml:26:5-97
41-->[androidx.core:core:1.12.0] AndroidManifest.xml:26:22-94
42
43    <application
43-->src\main\AndroidManifest.xml:28:5-70:19
44        android:allowBackup="true"
44-->src\main\AndroidManifest.xml:29:9-35
45        android:appComponentFactory="androidx.core.app.CoreComponentFactory"
45-->[androidx.core:core:1.12.0] AndroidManifest.xml:28:18-86
46        android:dataExtractionRules="@xml/data_extraction_rules"
46-->src\main\AndroidManifest.xml:30:9-65
47        android:debuggable="true"
48        android:extractNativeLibs="false"
49        android:fullBackupContent="@xml/backup_rules"
49-->src\main\AndroidManifest.xml:31:9-54
50        android:icon="@android:drawable/ic_dialog_info"
50-->src\main\AndroidManifest.xml:32:9-56
51        android:label="@string/app_name"
51-->src\main\AndroidManifest.xml:33:9-41
52        android:roundIcon="@android:drawable/ic_dialog_info"
52-->src\main\AndroidManifest.xml:34:9-61
53        android:supportsRtl="true"
53-->src\main\AndroidManifest.xml:35:9-35
54        android:testOnly="true"
55        android:theme="@style/Theme.WatchSleepMonitor" >
55-->src\main\AndroidManifest.xml:36:9-55
56        <activity
56-->src\main\AndroidManifest.xml:39:9-47:20
57            android:name="com.example.watchsleepmonitor.MainActivity"
57-->src\main\AndroidManifest.xml:40:13-41
58            android:exported="true"
58-->src\main\AndroidManifest.xml:41:13-36
59            android:theme="@style/Theme.WatchSleepMonitor" >
59-->src\main\AndroidManifest.xml:42:13-59
60            <intent-filter>
60-->src\main\AndroidManifest.xml:43:13-46:29
61                <action android:name="android.intent.action.MAIN" />
61-->src\main\AndroidManifest.xml:44:17-69
61-->src\main\AndroidManifest.xml:44:25-66
62
63                <category android:name="android.intent.category.LAUNCHER" />
63-->src\main\AndroidManifest.xml:45:17-77
63-->src\main\AndroidManifest.xml:45:27-74
64            </intent-filter>
65        </activity>
66
67        <service
67-->src\main\AndroidManifest.xml:49:9-52:40
68            android:name="com.example.watchsleepmonitor.service.HealthMonitoringService"
68-->src\main\AndroidManifest.xml:50:13-60
69            android:enabled="true"
69-->src\main\AndroidManifest.xml:51:13-35
70            android:exported="false" />
70-->src\main\AndroidManifest.xml:52:13-37
71        <service
71-->src\main\AndroidManifest.xml:54:9-57:40
72            android:name="com.example.watchsleepmonitor.service.BluetoothService"
72-->src\main\AndroidManifest.xml:55:13-53
73            android:enabled="true"
73-->src\main\AndroidManifest.xml:56:13-35
74            android:exported="false" />
74-->src\main\AndroidManifest.xml:57:13-37
75
76        <!-- Agregar después de los otros servicios -->
77        <service
77-->src\main\AndroidManifest.xml:60:9-68:19
78            android:name="com.example.watchsleepmonitor.service.HealthDataListenerService"
78-->src\main\AndroidManifest.xml:61:13-62
79            android:enabled="true"
79-->src\main\AndroidManifest.xml:62:13-35
80            android:exported="true"
80-->src\main\AndroidManifest.xml:63:13-36
81            android:permission="com.google.android.wearable.permission.BIND_LISTENER" >
81-->src\main\AndroidManifest.xml:64:13-86
82            <intent-filter>
82-->src\main\AndroidManifest.xml:65:13-67:29
83                <action android:name="androidx.health.services.client.action.PASSIVE_LISTENER" />
83-->src\main\AndroidManifest.xml:66:17-98
83-->src\main\AndroidManifest.xml:66:25-95
84            </intent-filter>
85        </service>
86        <service
86-->[androidx.health.connect:connect-client:1.0.0-alpha11] AndroidManifest.xml:24:9-32:19
87            android:name="androidx.health.platform.client.impl.sdkservice.HealthDataSdkService"
87-->[androidx.health.connect:connect-client:1.0.0-alpha11] AndroidManifest.xml:25:13-96
88            android:enabled="true"
88-->[androidx.health.connect:connect-client:1.0.0-alpha11] AndroidManifest.xml:26:13-35
89            android:exported="true" >
89-->[androidx.health.connect:connect-client:1.0.0-alpha11] AndroidManifest.xml:27:13-36
90            <intent-filter>
90-->[androidx.health.connect:connect-client:1.0.0-alpha11] AndroidManifest.xml:29:13-31:29
91                <action android:name="androidx.health.platform.client.ACTION_BIND_SDK_SERVICE" />
91-->[androidx.health.connect:connect-client:1.0.0-alpha11] AndroidManifest.xml:30:17-98
91-->[androidx.health.connect:connect-client:1.0.0-alpha11] AndroidManifest.xml:30:25-95
92            </intent-filter>
93        </service>
94
95        <uses-library
95-->[androidx.wear:wear:1.3.0] AndroidManifest.xml:23:9-25:40
96            android:name="com.google.android.wearable"
96-->[androidx.wear:wear:1.3.0] AndroidManifest.xml:24:13-55
97            android:required="false" />
97-->[androidx.wear:wear:1.3.0] AndroidManifest.xml:25:13-37
98
99        <activity
99-->[com.google.android.gms:play-services-base:18.0.1] AndroidManifest.xml:20:9-22:45
100            android:name="com.google.android.gms.common.api.GoogleApiActivity"
100-->[com.google.android.gms:play-services-base:18.0.1] AndroidManifest.xml:20:19-85
101            android:exported="false"
101-->[com.google.android.gms:play-services-base:18.0.1] AndroidManifest.xml:22:19-43
102            android:theme="@android:style/Theme.Translucent.NoTitleBar" />
102-->[com.google.android.gms:play-services-base:18.0.1] AndroidManifest.xml:21:19-78
103
104        <service
104-->[androidx.health:health-services-client:1.0.0-beta03] AndroidManifest.xml:24:9-31:19
105            android:name="androidx.health.services.client.VersionApiService"
105-->[androidx.health:health-services-client:1.0.0-beta03] AndroidManifest.xml:25:13-77
106            android:exported="true"
106-->[androidx.health:health-services-client:1.0.0-beta03] AndroidManifest.xml:26:13-36
107            android:permission="com.google.android.wearable.healthservices.permission.PASSIVE_DATA_BINDING" >
107-->[androidx.health:health-services-client:1.0.0-beta03] AndroidManifest.xml:27:13-108
108            <intent-filter>
108-->[androidx.health:health-services-client:1.0.0-beta03] AndroidManifest.xml:28:13-30:29
109                <action android:name="hs.versionclient.BIND" />
109-->[androidx.health:health-services-client:1.0.0-beta03] AndroidManifest.xml:29:17-64
109-->[androidx.health:health-services-client:1.0.0-beta03] AndroidManifest.xml:29:25-61
110            </intent-filter>
111        </service>
112
113        <meta-data
113-->[com.google.android.gms:play-services-basement:18.0.0] AndroidManifest.xml:21:9-23:69
114            android:name="com.google.android.gms.version"
114-->[com.google.android.gms:play-services-basement:18.0.0] AndroidManifest.xml:22:13-58
115            android:value="@integer/google_play_services_version" />
115-->[com.google.android.gms:play-services-basement:18.0.0] AndroidManifest.xml:23:13-66
116
117        <provider
117-->[androidx.emoji2:emoji2:1.2.0] AndroidManifest.xml:24:9-32:20
118            android:name="androidx.startup.InitializationProvider"
118-->[androidx.emoji2:emoji2:1.2.0] AndroidManifest.xml:25:13-67
119            android:authorities="com.example.watchsleepmonitor.androidx-startup"
119-->[androidx.emoji2:emoji2:1.2.0] AndroidManifest.xml:26:13-68
120            android:exported="false" >
120-->[androidx.emoji2:emoji2:1.2.0] AndroidManifest.xml:27:13-37
121            <meta-data
121-->[androidx.emoji2:emoji2:1.2.0] AndroidManifest.xml:29:13-31:52
122                android:name="androidx.emoji2.text.EmojiCompatInitializer"
122-->[androidx.emoji2:emoji2:1.2.0] AndroidManifest.xml:30:17-75
123                android:value="androidx.startup" />
123-->[androidx.emoji2:emoji2:1.2.0] AndroidManifest.xml:31:17-49
124            <meta-data
124-->[androidx.lifecycle:lifecycle-process:2.6.2] AndroidManifest.xml:29:13-31:52
125                android:name="androidx.lifecycle.ProcessLifecycleInitializer"
125-->[androidx.lifecycle:lifecycle-process:2.6.2] AndroidManifest.xml:30:17-78
126                android:value="androidx.startup" />
126-->[androidx.lifecycle:lifecycle-process:2.6.2] AndroidManifest.xml:31:17-49
127            <meta-data
127-->[androidx.profileinstaller:profileinstaller:1.3.0] AndroidManifest.xml:29:13-31:52
128                android:name="androidx.profileinstaller.ProfileInstallerInitializer"
128-->[androidx.profileinstaller:profileinstaller:1.3.0] AndroidManifest.xml:30:17-85
129                android:value="androidx.startup" />
129-->[androidx.profileinstaller:profileinstaller:1.3.0] AndroidManifest.xml:31:17-49
130        </provider>
131
132        <receiver
132-->[androidx.profileinstaller:profileinstaller:1.3.0] AndroidManifest.xml:34:9-52:20
133            android:name="androidx.profileinstaller.ProfileInstallReceiver"
133-->[androidx.profileinstaller:profileinstaller:1.3.0] AndroidManifest.xml:35:13-76
134            android:directBootAware="false"
134-->[androidx.profileinstaller:profileinstaller:1.3.0] AndroidManifest.xml:36:13-44
135            android:enabled="true"
135-->[androidx.profileinstaller:profileinstaller:1.3.0] AndroidManifest.xml:37:13-35
136            android:exported="true"
136-->[androidx.profileinstaller:profileinstaller:1.3.0] AndroidManifest.xml:38:13-36
137            android:permission="android.permission.DUMP" >
137-->[androidx.profileinstaller:profileinstaller:1.3.0] AndroidManifest.xml:39:13-57
138            <intent-filter>
138-->[androidx.profileinstaller:profileinstaller:1.3.0] AndroidManifest.xml:40:13-42:29
139                <action android:name="androidx.profileinstaller.action.INSTALL_PROFILE" />
139-->[androidx.profileinstaller:profileinstaller:1.3.0] AndroidManifest.xml:41:17-91
139-->[androidx.profileinstaller:profileinstaller:1.3.0] AndroidManifest.xml:41:25-88
140            </intent-filter>
141            <intent-filter>
141-->[androidx.profileinstaller:profileinstaller:1.3.0] AndroidManifest.xml:43:13-45:29
142                <action android:name="androidx.profileinstaller.action.SKIP_FILE" />
142-->[androidx.profileinstaller:profileinstaller:1.3.0] AndroidManifest.xml:44:17-85
142-->[androidx.profileinstaller:profileinstaller:1.3.0] AndroidManifest.xml:44:25-82
143            </intent-filter>
144            <intent-filter>
144-->[androidx.profileinstaller:profileinstaller:1.3.0] AndroidManifest.xml:46:13-48:29
145                <action android:name="androidx.profileinstaller.action.SAVE_PROFILE" />
145-->[androidx.profileinstaller:profileinstaller:1.3.0] AndroidManifest.xml:47:17-88
145-->[androidx.profileinstaller:profileinstaller:1.3.0] AndroidManifest.xml:47:25-85
146            </intent-filter>
147            <intent-filter>
147-->[androidx.profileinstaller:profileinstaller:1.3.0] AndroidManifest.xml:49:13-51:29
148                <action android:name="androidx.profileinstaller.action.BENCHMARK_OPERATION" />
148-->[androidx.profileinstaller:profileinstaller:1.3.0] AndroidManifest.xml:50:17-95
148-->[androidx.profileinstaller:profileinstaller:1.3.0] AndroidManifest.xml:50:25-92
149            </intent-filter>
150        </receiver>
151    </application>
152
153</manifest>